<?xml version="1.0" encoding="UTF-8"?>
<!-- Generated by org.testng.reporters.JUnitXMLReporter -->
<testsuite ignored="0" hostname="DESKTOP-7NFQM15" failures="1" tests="3" name="Test5" time="37.298" errors="0" timestamp="2024-04-18T21:22:29 IST">
  <testcase classname="ui.ExtentReportsSample" name="testcase11" time="6.589"/>
  <testcase classname="ui.ExtentReportsSample" name="testcase22" time="0.913">
    <failure type="java.lang.AssertionError" message="expected [true] but found [false]">
      <![CDATA[java.lang.AssertionError: expected [true] but found [false]
at ui.ExtentReportsSample.testcase22(ExtentReportsSample.java:30)
at java.base/java.util.ArrayList.forEach(ArrayList.java:1511)
... Removed 31 stack frames]]>
    </failure>
  </testcase> <!-- testcase22 -->
  <testcase classname="ui.ExtentReportsSample" name="testcase33" time="29.526"/>
</testsuite> <!-- Test5 -->
