<?xml version="1.0" encoding="UTF-8"?>
<!-- Generated by org.testng.reporters.JUnitXMLReporter -->
<testsuite ignored="0" hostname="DESKTOP-7NFQM15" failures="1" tests="3" name="Test3" time="0.057" errors="0" timestamp="2024-04-03T16:47:39 IST">
  <testcase classname="ui.TestListenersClz5" name="tc1" time="0.007"/>
  <testcase classname="ui.TestListenersClz5" name="tc2" time="0.009">
    <failure type="java.lang.AssertionError" message="expected [false] but found [true]">
      <![CDATA[java.lang.AssertionError: expected [false] but found [true]
at ui.TestListenersClz5.tc2(TestListenersClz5.java:17)
at java.base/java.util.ArrayList.forEach(ArrayList.java:1511)
... Removed 31 stack frames]]>
    </failure>
  </testcase> <!-- tc2 -->
  <testcase classname="ui.TestListenersClz5" name="tc3" time="0.001"/>
</testsuite> <!-- Test3 -->
